[   17847ms] [ERROR] A tree hydrated but some attributes of the server rendered HTML didn't match the client properties. This won't be patched up. This can happen if a SSR-ed Client Component used:

- A server/client branch `if (typeof window !== 'undefined')`.
- Variable input such as `Date.now()` or `Math.random()` which changes each time it's called.
- Date formatting in a user's locale which doesn't match the server.
- External changing data without sending a snapshot of it along with the HTML.
- Invalid HTML tag nesting.

It can also happen if the client has a browser extension installed which messes with the HTML before React loaded.

%s%s https://react.dev/link/hydration-mismatch 

  ...
    <MenuProvider scope={{Menu:[...], ...}} open={false} onOpenChange={function useCallbackRef.useMemo} content={null} ...>
      <MenuProvider scope={{Menu:[...], ...}} onClose={function Menu.useCallback} isUsingKeyboardRef={{current:false}} ...>
        <DropdownMenuTrigger asChild={true}>
          <MenuAnchor asChild={true} __scopeMenu={{Menu:[...], ...}}>
            <PopperAnchor __scopePopper={{Menu:[...], ...}} asChild={true} ref={null}>
              <Primitive.div asChild={true} ref={function}>
                <Primitive.div.Slot ref={function}>
                  <Primitive.div.SlotClone ref={function}>
                    <Primitive.button type="button" id="radix-_R_3..." aria-haspopup="menu" aria-expanded={false} ...>
                      <Primitive.button.Slot type="button" id="radix-_R_3..." aria-haspopup="menu" aria-expanded={false} ...>
                        <Primitive.button.SlotClone type="button" id="radix-_R_3..." aria-haspopup="menu" ...>
                          <_c variant="secondary" className="gap-2 bord..." type="button" id="radix-_R_3..." ...>
                            <button
                              className="inline-flex items-center justify-center whitespace-nowrap rounded-xl text-sm ..."
                              ref={function}
                              type="button"
+                             id="radix-_R_3qqitpesndlb_"
-                             id="radix-_R_fbaitpesndlb_"
                              aria-haspopup="menu"
                              aria-expanded={false}
                              aria-controls={undefined}
                              data-state="closed"
                              data-disabled={undefined}
                              disabled={false}
                              onPointerDown={function handleEvent}
                              onKeyDown={function handleEvent}
                            >
        ...
 @ http://localhost:3000/_next/static/chunks/node_modules_next_dist_f3530cac._.js:3127
